  [1m[35m (13.3ms)[0m  [1m[34mSELECT sqlite_version(*)[0m
  [1m[35m (299.5ms)[0m  [1m[35mCREATE TABLE "schema_migrations" ("version" varchar NOT NULL PRIMARY KEY)[0m
  [1m[35m (113.6ms)[0m  [1m[35mCREATE TABLE "ar_internal_metadata" ("key" varchar NOT NULL PRIMARY KEY, "value" varchar, "created_at" datetime(6) NOT NULL, "updated_at" datetime(6) NOT NULL)[0m
  [1m[35m (0.5ms)[0m  [1m[34mSELECT "schema_migrations"."version" FROM "schema_migrations" ORDER BY "schema_migrations"."version" ASC[0m
Migrating to CreateCars (20200720230106)
  [1m[35m (0.1ms)[0m  [1m[36mbegin transaction[0m
  [1m[35m (0.8ms)[0m  [1m[35mCREATE TABLE "cars" ("id" integer PRIMARY KEY AUTOINCREMENT NOT NULL, "make" varchar, "model" varchar, "year" integer, "created_at" datetime(6) NOT NULL, "updated_at" datetime(6) NOT NULL)[0m
  [1m[36mprimary::SchemaMigration Create (0.4ms)[0m  [1m[32mINSERT INTO "schema_migrations" ("version") VALUES (?)[0m  [["version", "20200720230106"]]
  [1m[35m (148.7ms)[0m  [1m[36mcommit transaction[0m
  [1m[36mActiveRecord::InternalMetadata Load (0.4ms)[0m  [1m[34mSELECT "ar_internal_metadata".* FROM "ar_internal_metadata" WHERE "ar_internal_metadata"."key" = ? LIMIT ?[0m  [["key", "environment"], ["LIMIT", 1]]
  [1m[35m (0.1ms)[0m  [1m[36mbegin transaction[0m
  [1m[36mActiveRecord::InternalMetadata Create (1.6ms)[0m  [1m[32mINSERT INTO "ar_internal_metadata" ("key", "value", "created_at", "updated_at") VALUES (?, ?, ?, ?)[0m  [["key", "environment"], ["value", "development"], ["created_at", "2020-07-20 23:04:07.973796"], ["updated_at", "2020-07-20 23:04:07.973796"]]
  [1m[35m (121.7ms)[0m  [1m[36mcommit transaction[0m
  [1m[35m (0.1ms)[0m  [1m[34mSELECT sqlite_version(*)[0m
  [1m[35m (0.2ms)[0m  [1m[34mSELECT "schema_migrations"."version" FROM "schema_migrations" ORDER BY "schema_migrations"."version" ASC[0m
Started GET "/cars" for ::1 at 2020-07-21 00:22:35 +0100
  [1m[35m (21.5ms)[0m  [1m[34mSELECT sqlite_version(*)[0m
  [1m[35m (0.6ms)[0m  [1m[34mSELECT "schema_migrations"."version" FROM "schema_migrations" ORDER BY "schema_migrations"."version" ASC[0m
Processing by CarsController#index as HTML
  Rendering cars/index.html.erb within layouts/application
  [1m[36mCar Load (0.7ms)[0m  [1m[34mSELECT "cars".* FROM "cars"[0m
  ↳ app/views/cars/index.html.erb:16
  Rendered cars/index.html.erb within layouts/application (Duration: 17.7ms | Allocations: 1727)
[Webpacker] Compiling...
[Webpacker] Compiled all packs in /home/namdy/Desktop/Microverse Project/Ruby_On_rails/odin_on_rails/my_first_rails_app/public/packs
[Webpacker] Hash: 15d1bb7b54cf6326b9ba
Version: webpack 4.43.0
Time: 9160ms
Built at: 21/07/2020 00:22:59
                                     Asset       Size       Chunks                         Chunk Names
    js/application-9afcbb5693aa87623e69.js    124 KiB  application  [emitted] [immutable]  application
js/application-9afcbb5693aa87623e69.js.map    139 KiB  application  [emitted] [dev]        application
                             manifest.json  364 bytes               [emitted]              
Entrypoint application = js/application-9afcbb5693aa87623e69.js js/application-9afcbb5693aa87623e69.js.map
[./app/javascript/channels sync recursive _channel\.js$] ./app/javascript/channels sync _channel\.js$ 160 bytes {application} [built]
[./app/javascript/channels/index.js] 211 bytes {application} [built]
[./app/javascript/packs/application.js] 749 bytes {application} [built]
[./node_modules/webpack/buildin/module.js] (webpack)/buildin/module.js 552 bytes {application} [built]
    + 3 hidden modules

Completed 200 OK in 25113ms (Views: 25067.1ms | ActiveRecord: 1.3ms | Allocations: 26755)


Started GET "/cars/new" for ::1 at 2020-07-21 00:23:27 +0100
Processing by CarsController#new as HTML
  Rendering cars/new.html.erb within layouts/application
  Rendered cars/_form.html.erb (Duration: 151.4ms | Allocations: 7630)
  Rendered cars/new.html.erb within layouts/application (Duration: 160.7ms | Allocations: 7985)
[Webpacker] Everything's up-to-date. Nothing to do
Completed 200 OK in 213ms (Views: 175.3ms | ActiveRecord: 2.3ms | Allocations: 15654)


Started POST "/cars" for ::1 at 2020-07-21 00:23:46 +0100
Processing by CarsController#create as HTML
  Parameters: {"authenticity_token"=>"fAwxrCkCLlK+uRTmHMnpE/0jx0xePbPpnfLdle8nuTPB/Bf+H0TuUpAtWqPX6358EKIPu7kLInkputjwVhkgNA==", "car"=>{"make"=>"Toyota", "model"=>"Corrolla ", "year"=>"2008"}, "commit"=>"Create Car"}
  [1m[35m (0.1ms)[0m  [1m[36mbegin transaction[0m
  ↳ app/controllers/cars_controller.rb:30:in `block in create'
  [1m[36mCar Create (18.6ms)[0m  [1m[32mINSERT INTO "cars" ("make", "model", "year", "created_at", "updated_at") VALUES (?, ?, ?, ?, ?)[0m  [["make", "Toyota"], ["model", "Corrolla "], ["year", 2008], ["created_at", "2020-07-20 23:23:46.953018"], ["updated_at", "2020-07-20 23:23:46.953018"]]
  ↳ app/controllers/cars_controller.rb:30:in `block in create'
  [1m[35m (95.5ms)[0m  [1m[36mcommit transaction[0m
  ↳ app/controllers/cars_controller.rb:30:in `block in create'
Redirected to http://localhost:3000/cars/1
Completed 302 Found in 127ms (ActiveRecord: 114.3ms | Allocations: 4305)


Started GET "/cars/1" for ::1 at 2020-07-21 00:23:47 +0100
Processing by CarsController#show as HTML
  Parameters: {"id"=>"1"}
  [1m[36mCar Load (0.4ms)[0m  [1m[34mSELECT "cars".* FROM "cars" WHERE "cars"."id" = ? LIMIT ?[0m  [["id", 1], ["LIMIT", 1]]
  ↳ app/controllers/cars_controller.rb:67:in `set_car'
  Rendering cars/show.html.erb within layouts/application
  Rendered cars/show.html.erb within layouts/application (Duration: 18.2ms | Allocations: 286)
[Webpacker] Everything's up-to-date. Nothing to do
Completed 200 OK in 37ms (Views: 30.3ms | ActiveRecord: 0.4ms | Allocations: 5076)


Started GET "/cars" for ::1 at 2020-07-21 00:23:52 +0100
Processing by CarsController#index as HTML
  Rendering cars/index.html.erb within layouts/application
  [1m[36mCar Load (0.3ms)[0m  [1m[34mSELECT "cars".* FROM "cars"[0m
  ↳ app/views/cars/index.html.erb:16
  Rendered cars/index.html.erb within layouts/application (Duration: 3.1ms | Allocations: 799)
[Webpacker] Everything's up-to-date. Nothing to do
Completed 200 OK in 19ms (Views: 17.5ms | ActiveRecord: 0.3ms | Allocations: 4455)


Started GET "/cars/new" for ::1 at 2020-07-21 00:23:55 +0100
Processing by CarsController#new as HTML
  Rendering cars/new.html.erb within layouts/application
  Rendered cars/_form.html.erb (Duration: 3.1ms | Allocations: 907)
  Rendered cars/new.html.erb within layouts/application (Duration: 6.1ms | Allocations: 1001)
[Webpacker] Everything's up-to-date. Nothing to do
Completed 200 OK in 26ms (Views: 25.0ms | ActiveRecord: 0.0ms | Allocations: 4658)


Started POST "/cars" for ::1 at 2020-07-21 00:24:15 +0100
Processing by CarsController#create as HTML
  Parameters: {"authenticity_token"=>"4frF85BUepO87YWtqinfRDUi/nF7vnY1WdxQpUAbMRNcCuOhphK6k5J5y+hhC0gr2KM2hpyI56XtlFXA+SWoFA==", "car"=>{"make"=>"Mercedes", "model"=>"x class", "year"=>"2012"}, "commit"=>"Create Car"}
  [1m[35m (0.1ms)[0m  [1m[36mbegin transaction[0m
  ↳ app/controllers/cars_controller.rb:30:in `block in create'
  [1m[36mCar Create (3.1ms)[0m  [1m[32mINSERT INTO "cars" ("make", "model", "year", "created_at", "updated_at") VALUES (?, ?, ?, ?, ?)[0m  [["make", "Mercedes"], ["model", "x class"], ["year", 2012], ["created_at", "2020-07-20 23:24:15.289190"], ["updated_at", "2020-07-20 23:24:15.289190"]]
  ↳ app/controllers/cars_controller.rb:30:in `block in create'
  [1m[35m (191.9ms)[0m  [1m[36mcommit transaction[0m
  ↳ app/controllers/cars_controller.rb:30:in `block in create'
Redirected to http://localhost:3000/cars/2
Completed 302 Found in 209ms (ActiveRecord: 195.1ms | Allocations: 3992)


Started GET "/cars/2" for ::1 at 2020-07-21 00:24:15 +0100
Processing by CarsController#show as HTML
  Parameters: {"id"=>"2"}
  [1m[36mCar Load (0.3ms)[0m  [1m[34mSELECT "cars".* FROM "cars" WHERE "cars"."id" = ? LIMIT ?[0m  [["id", 2], ["LIMIT", 1]]
  ↳ app/controllers/cars_controller.rb:67:in `set_car'
  Rendering cars/show.html.erb within layouts/application
  Rendered cars/show.html.erb within layouts/application (Duration: 0.4ms | Allocations: 87)
[Webpacker] Everything's up-to-date. Nothing to do
Completed 200 OK in 12ms (Views: 8.4ms | ActiveRecord: 0.3ms | Allocations: 4302)


Started GET "/cars" for ::1 at 2020-07-21 00:24:19 +0100
Processing by CarsController#index as HTML
  Rendering cars/index.html.erb within layouts/application
  [1m[36mCar Load (0.2ms)[0m  [1m[34mSELECT "cars".* FROM "cars"[0m
  ↳ app/views/cars/index.html.erb:16
  Rendered cars/index.html.erb within layouts/application (Duration: 3.1ms | Allocations: 914)
[Webpacker] Everything's up-to-date. Nothing to do
Completed 200 OK in 17ms (Views: 16.1ms | ActiveRecord: 0.2ms | Allocations: 4568)


Started GET "/cars/new" for ::1 at 2020-07-21 00:24:20 +0100
Processing by CarsController#new as HTML
  Rendering cars/new.html.erb within layouts/application
  Rendered cars/_form.html.erb (Duration: 3.7ms | Allocations: 905)
  Rendered cars/new.html.erb within layouts/application (Duration: 4.6ms | Allocations: 998)
[Webpacker] Everything's up-to-date. Nothing to do
Completed 200 OK in 18ms (Views: 16.3ms | ActiveRecord: 0.0ms | Allocations: 4666)


Started POST "/cars" for ::1 at 2020-07-21 00:24:35 +0100
Processing by CarsController#create as HTML
  Parameters: {"authenticity_token"=>"DFeghsjC7bB0WEGdKUE7ZmexJBhMUw5S0B5VOJiekj2xp4bU/oQtsFrMD9jiY6wJijDs76tln8JkVlBdIaALOg==", "car"=>{"make"=>"BMW", "model"=>"500 sw", "year"=>"2005"}, "commit"=>"Create Car"}
  [1m[35m (0.1ms)[0m  [1m[36mbegin transaction[0m
  ↳ app/controllers/cars_controller.rb:30:in `block in create'
  [1m[36mCar Create (2.3ms)[0m  [1m[32mINSERT INTO "cars" ("make", "model", "year", "created_at", "updated_at") VALUES (?, ?, ?, ?, ?)[0m  [["make", "BMW"], ["model", "500 sw"], ["year", 2005], ["created_at", "2020-07-20 23:24:35.531917"], ["updated_at", "2020-07-20 23:24:35.531917"]]
  ↳ app/controllers/cars_controller.rb:30:in `block in create'
  [1m[35m (206.0ms)[0m  [1m[36mcommit transaction[0m
  ↳ app/controllers/cars_controller.rb:30:in `block in create'
Redirected to http://localhost:3000/cars/3
Completed 302 Found in 223ms (ActiveRecord: 208.4ms | Allocations: 3992)


Started GET "/cars/3" for ::1 at 2020-07-21 00:24:35 +0100
Processing by CarsController#show as HTML
  Parameters: {"id"=>"3"}
  [1m[36mCar Load (0.2ms)[0m  [1m[34mSELECT "cars".* FROM "cars" WHERE "cars"."id" = ? LIMIT ?[0m  [["id", 3], ["LIMIT", 1]]
  ↳ app/controllers/cars_controller.rb:67:in `set_car'
  Rendering cars/show.html.erb within layouts/application
  Rendered cars/show.html.erb within layouts/application (Duration: 0.6ms | Allocations: 86)
[Webpacker] Everything's up-to-date. Nothing to do
Completed 200 OK in 33ms (Views: 29.7ms | ActiveRecord: 0.2ms | Allocations: 4310)


Started GET "/cars" for ::1 at 2020-07-21 00:24:38 +0100
Processing by CarsController#index as HTML
  Rendering cars/index.html.erb within layouts/application
  [1m[36mCar Load (0.2ms)[0m  [1m[34mSELECT "cars".* FROM "cars"[0m
  ↳ app/views/cars/index.html.erb:16
  Rendered cars/index.html.erb within layouts/application (Duration: 5.9ms | Allocations: 1044)
[Webpacker] Everything's up-to-date. Nothing to do
Completed 200 OK in 23ms (Views: 21.2ms | ActiveRecord: 0.2ms | Allocations: 4704)


Started GET "/cars/new" for ::1 at 2020-07-21 00:24:40 +0100
Processing by CarsController#new as HTML
  Rendering cars/new.html.erb within layouts/application
  Rendered cars/_form.html.erb (Duration: 2.8ms | Allocations: 905)
  Rendered cars/new.html.erb within layouts/application (Duration: 5.1ms | Allocations: 998)
[Webpacker] Everything's up-to-date. Nothing to do
Completed 200 OK in 20ms (Views: 18.7ms | ActiveRecord: 0.0ms | Allocations: 4658)


Started POST "/cars" for ::1 at 2020-07-21 00:24:58 +0100
Processing by CarsController#create as HTML
  Parameters: {"authenticity_token"=>"kTlgVrW6/6AV6NRYqueH6gwwGkUWznnPvrFJoF4N4yQsyUYEg/w/oDt8mh1hxRCF4bHSsvH46F8K+UzF5zN6Iw==", "car"=>{"make"=>"Nissan", "model"=>"Ultima", "year"=>"2013"}, "commit"=>"Create Car"}
  [1m[35m (0.1ms)[0m  [1m[36mbegin transaction[0m
  ↳ app/controllers/cars_controller.rb:30:in `block in create'
  [1m[36mCar Create (0.6ms)[0m  [1m[32mINSERT INTO "cars" ("make", "model", "year", "created_at", "updated_at") VALUES (?, ?, ?, ?, ?)[0m  [["make", "Nissan"], ["model", "Ultima"], ["year", 2013], ["created_at", "2020-07-20 23:24:58.742460"], ["updated_at", "2020-07-20 23:24:58.742460"]]
  ↳ app/controllers/cars_controller.rb:30:in `block in create'
  [1m[35m (228.5ms)[0m  [1m[36mcommit transaction[0m
  ↳ app/controllers/cars_controller.rb:30:in `block in create'
Redirected to http://localhost:3000/cars/4
Completed 302 Found in 244ms (ActiveRecord: 229.3ms | Allocations: 3990)


Started GET "/cars/4" for ::1 at 2020-07-21 00:24:58 +0100
Processing by CarsController#show as HTML
  Parameters: {"id"=>"4"}
  [1m[36mCar Load (0.3ms)[0m  [1m[34mSELECT "cars".* FROM "cars" WHERE "cars"."id" = ? LIMIT ?[0m  [["id", 4], ["LIMIT", 1]]
  ↳ app/controllers/cars_controller.rb:67:in `set_car'
  Rendering cars/show.html.erb within layouts/application
  Rendered cars/show.html.erb within layouts/application (Duration: 0.5ms | Allocations: 86)
[Webpacker] Everything's up-to-date. Nothing to do
Completed 200 OK in 13ms (Views: 9.4ms | ActiveRecord: 0.3ms | Allocations: 4297)


Started GET "/cars" for ::1 at 2020-07-21 00:25:00 +0100
Processing by CarsController#index as HTML
  Rendering cars/index.html.erb within layouts/application
  [1m[36mCar Load (0.2ms)[0m  [1m[34mSELECT "cars".* FROM "cars"[0m
  ↳ app/views/cars/index.html.erb:16
  Rendered cars/index.html.erb within layouts/application (Duration: 5.1ms | Allocations: 1175)
[Webpacker] Everything's up-to-date. Nothing to do
Completed 200 OK in 18ms (Views: 16.9ms | ActiveRecord: 0.2ms | Allocations: 4832)


Started GET "/cars/new" for ::1 at 2020-07-21 00:25:03 +0100
Processing by CarsController#new as HTML
  Rendering cars/new.html.erb within layouts/application
  Rendered cars/_form.html.erb (Duration: 4.7ms | Allocations: 905)
  Rendered cars/new.html.erb within layouts/application (Duration: 6.3ms | Allocations: 998)
[Webpacker] Everything's up-to-date. Nothing to do
Completed 200 OK in 23ms (Views: 21.4ms | ActiveRecord: 0.0ms | Allocations: 4668)


Started POST "/cars" for ::1 at 2020-07-21 00:25:26 +0100
Processing by CarsController#create as HTML
  Parameters: {"authenticity_token"=>"7NlJLej7J4eRDV3lnV/8uIgsYIyOKbAy/F635ThpyUxRKW9/3r3nh7+ZE6BWfWvXZa2oe2kfIaJIFrKAgVdQSw==", "car"=>{"make"=>"Peugeot", "model"=>"605", "year"=>"2014"}, "commit"=>"Create Car"}
  [1m[35m (0.1ms)[0m  [1m[36mbegin transaction[0m
  ↳ app/controllers/cars_controller.rb:30:in `block in create'
  [1m[36mCar Create (0.5ms)[0m  [1m[32mINSERT INTO "cars" ("make", "model", "year", "created_at", "updated_at") VALUES (?, ?, ?, ?, ?)[0m  [["make", "Peugeot"], ["model", "605"], ["year", 2014], ["created_at", "2020-07-20 23:25:26.427224"], ["updated_at", "2020-07-20 23:25:26.427224"]]
  ↳ app/controllers/cars_controller.rb:30:in `block in create'
  [1m[35m (268.7ms)[0m  [1m[36mcommit transaction[0m
  ↳ app/controllers/cars_controller.rb:30:in `block in create'
Redirected to http://localhost:3000/cars/5
Completed 302 Found in 284ms (ActiveRecord: 269.4ms | Allocations: 3905)


Started GET "/cars/5" for ::1 at 2020-07-21 00:25:26 +0100
Processing by CarsController#show as HTML
  Parameters: {"id"=>"5"}
  [1m[36mCar Load (0.3ms)[0m  [1m[34mSELECT "cars".* FROM "cars" WHERE "cars"."id" = ? LIMIT ?[0m  [["id", 5], ["LIMIT", 1]]
  ↳ app/controllers/cars_controller.rb:67:in `set_car'
  Rendering cars/show.html.erb within layouts/application
  Rendered cars/show.html.erb within layouts/application (Duration: 0.5ms | Allocations: 86)
[Webpacker] Everything's up-to-date. Nothing to do
Completed 200 OK in 16ms (Views: 12.7ms | ActiveRecord: 0.3ms | Allocations: 4324)


Started GET "/cars" for ::1 at 2020-07-21 00:25:31 +0100
Processing by CarsController#index as HTML
  Rendering cars/index.html.erb within layouts/application
  [1m[36mCar Load (0.2ms)[0m  [1m[34mSELECT "cars".* FROM "cars"[0m
  ↳ app/views/cars/index.html.erb:16
  Rendered cars/index.html.erb within layouts/application (Duration: 3.9ms | Allocations: 1305)
[Webpacker] Everything's up-to-date. Nothing to do
Completed 200 OK in 20ms (Views: 18.8ms | ActiveRecord: 0.2ms | Allocations: 4953)


Started GET "/cars/1" for ::1 at 2020-07-21 00:25:36 +0100
Processing by CarsController#show as HTML
  Parameters: {"id"=>"1"}
  [1m[36mCar Load (0.2ms)[0m  [1m[34mSELECT "cars".* FROM "cars" WHERE "cars"."id" = ? LIMIT ?[0m  [["id", 1], ["LIMIT", 1]]
  ↳ app/controllers/cars_controller.rb:67:in `set_car'
  Rendering cars/show.html.erb within layouts/application
  Rendered cars/show.html.erb within layouts/application (Duration: 0.4ms | Allocations: 84)
[Webpacker] Everything's up-to-date. Nothing to do
Completed 200 OK in 43ms (Views: 39.9ms | ActiveRecord: 0.2ms | Allocations: 4286)


Started GET "/cars" for ::1 at 2020-07-21 00:25:40 +0100
Processing by CarsController#index as HTML
  Rendering cars/index.html.erb within layouts/application
  [1m[36mCar Load (0.2ms)[0m  [1m[34mSELECT "cars".* FROM "cars"[0m
  ↳ app/views/cars/index.html.erb:16
  Rendered cars/index.html.erb within layouts/application (Duration: 5.6ms | Allocations: 1305)
[Webpacker] Everything's up-to-date. Nothing to do
Completed 200 OK in 22ms (Views: 20.8ms | ActiveRecord: 0.2ms | Allocations: 4960)


Started GET "/cars/new" for ::1 at 2020-07-21 00:25:49 +0100
Processing by CarsController#new as HTML
  Rendering cars/new.html.erb within layouts/application
  Rendered cars/_form.html.erb (Duration: 3.4ms | Allocations: 905)
  Rendered cars/new.html.erb within layouts/application (Duration: 4.1ms | Allocations: 998)
[Webpacker] Everything's up-to-date. Nothing to do
Completed 200 OK in 21ms (Views: 19.9ms | ActiveRecord: 0.0ms | Allocations: 4654)


Started POST "/cars" for ::1 at 2020-07-21 00:26:09 +0100
Processing by CarsController#create as HTML
  Parameters: {"authenticity_token"=>"fnT6wWrpzgUTmH8mFET+nv/xVvYTc2c1NL2d+F4gHgXDhNyTXK8OBT0MMWPfZmnxEnCeAfRF9qWA9Zid5x6HAg==", "car"=>{"make"=>"Mitsubishi", "model"=>"Pajero", "year"=>"2015"}, "commit"=>"Create Car"}
  [1m[35m (0.1ms)[0m  [1m[36mbegin transaction[0m
  ↳ app/controllers/cars_controller.rb:30:in `block in create'
  [1m[36mCar Create (0.6ms)[0m  [1m[32mINSERT INTO "cars" ("make", "model", "year", "created_at", "updated_at") VALUES (?, ?, ?, ?, ?)[0m  [["make", "Mitsubishi"], ["model", "Pajero"], ["year", 2015], ["created_at", "2020-07-20 23:26:09.121873"], ["updated_at", "2020-07-20 23:26:09.121873"]]
  ↳ app/controllers/cars_controller.rb:30:in `block in create'
  [1m[35m (203.9ms)[0m  [1m[36mcommit transaction[0m
  ↳ app/controllers/cars_controller.rb:30:in `block in create'
Redirected to http://localhost:3000/cars/6
Completed 302 Found in 220ms (ActiveRecord: 204.6ms | Allocations: 3982)


Started GET "/cars/6" for ::1 at 2020-07-21 00:26:09 +0100
Processing by CarsController#show as HTML
  Parameters: {"id"=>"6"}
  [1m[36mCar Load (0.3ms)[0m  [1m[34mSELECT "cars".* FROM "cars" WHERE "cars"."id" = ? LIMIT ?[0m  [["id", 6], ["LIMIT", 1]]
  ↳ app/controllers/cars_controller.rb:67:in `set_car'
  Rendering cars/show.html.erb within layouts/application
  Rendered cars/show.html.erb within layouts/application (Duration: 0.4ms | Allocations: 86)
[Webpacker] Everything's up-to-date. Nothing to do
Completed 200 OK in 17ms (Views: 13.2ms | ActiveRecord: 0.3ms | Allocations: 4302)


Started GET "/cars" for ::1 at 2020-07-21 00:26:12 +0100
Processing by CarsController#index as HTML
  Rendering cars/index.html.erb within layouts/application
  [1m[36mCar Load (0.3ms)[0m  [1m[34mSELECT "cars".* FROM "cars"[0m
  ↳ app/views/cars/index.html.erb:16
  Rendered cars/index.html.erb within layouts/application (Duration: 10.4ms | Allocations: 1435)
[Webpacker] Everything's up-to-date. Nothing to do
Completed 200 OK in 25ms (Views: 23.4ms | ActiveRecord: 0.3ms | Allocations: 5085)


Started GET "/cars/new" for ::1 at 2020-07-21 00:26:14 +0100
Processing by CarsController#new as HTML
  Rendering cars/new.html.erb within layouts/application
  Rendered cars/_form.html.erb (Duration: 2.9ms | Allocations: 905)
  Rendered cars/new.html.erb within layouts/application (Duration: 3.5ms | Allocations: 998)
[Webpacker] Everything's up-to-date. Nothing to do
Completed 200 OK in 18ms (Views: 17.0ms | ActiveRecord: 0.0ms | Allocations: 4668)


Started POST "/cars" for ::1 at 2020-07-21 00:26:44 +0100
Processing by CarsController#create as HTML
  Parameters: {"authenticity_token"=>"5eKPBfdaq/2JqPL30ylW0h6+cpb1TRDUjQHTjXyIj9NYEqlXwRxr/ac8vLIYC8G98z+6YRJ7gUQ5SdboxbYW1A==", "car"=>{"make"=>"Toyota", "model"=>"Hilux 2.4d", "year"=>"2018"}, "commit"=>"Create Car"}
  [1m[35m (0.1ms)[0m  [1m[36mbegin transaction[0m
  ↳ app/controllers/cars_controller.rb:30:in `block in create'
  [1m[36mCar Create (4.6ms)[0m  [1m[32mINSERT INTO "cars" ("make", "model", "year", "created_at", "updated_at") VALUES (?, ?, ?, ?, ?)[0m  [["make", "Toyota"], ["model", "Hilux 2.4d"], ["year", 2018], ["created_at", "2020-07-20 23:26:44.018070"], ["updated_at", "2020-07-20 23:26:44.018070"]]
  ↳ app/controllers/cars_controller.rb:30:in `block in create'
  [1m[35m (139.6ms)[0m  [1m[36mcommit transaction[0m
  ↳ app/controllers/cars_controller.rb:30:in `block in create'
Redirected to http://localhost:3000/cars/7
Completed 302 Found in 160ms (ActiveRecord: 144.2ms | Allocations: 3982)


Started GET "/cars/7" for ::1 at 2020-07-21 00:26:44 +0100
Processing by CarsController#show as HTML
  Parameters: {"id"=>"7"}
  [1m[36mCar Load (0.3ms)[0m  [1m[34mSELECT "cars".* FROM "cars" WHERE "cars"."id" = ? LIMIT ?[0m  [["id", 7], ["LIMIT", 1]]
  ↳ app/controllers/cars_controller.rb:67:in `set_car'
  Rendering cars/show.html.erb within layouts/application
  Rendered cars/show.html.erb within layouts/application (Duration: 0.4ms | Allocations: 86)
[Webpacker] Everything's up-to-date. Nothing to do
Completed 200 OK in 17ms (Views: 13.3ms | ActiveRecord: 0.3ms | Allocations: 4312)


Started GET "/cars" for ::1 at 2020-07-21 00:26:48 +0100
Processing by CarsController#index as HTML
  Rendering cars/index.html.erb within layouts/application
  [1m[36mCar Load (0.3ms)[0m  [1m[34mSELECT "cars".* FROM "cars"[0m
  ↳ app/views/cars/index.html.erb:16
  Rendered cars/index.html.erb within layouts/application (Duration: 6.6ms | Allocations: 1565)
[Webpacker] Everything's up-to-date. Nothing to do
Completed 200 OK in 24ms (Views: 22.4ms | ActiveRecord: 0.3ms | Allocations: 5221)


Started GET "/cars/new" for ::1 at 2020-07-21 00:26:49 +0100
Processing by CarsController#new as HTML
  Rendering cars/new.html.erb within layouts/application
  Rendered cars/_form.html.erb (Duration: 4.0ms | Allocations: 905)
  Rendered cars/new.html.erb within layouts/application (Duration: 4.6ms | Allocations: 998)
[Webpacker] Everything's up-to-date. Nothing to do
Completed 200 OK in 19ms (Views: 16.4ms | ActiveRecord: 0.0ms | Allocations: 4671)


Started POST "/cars" for ::1 at 2020-07-21 00:27:23 +0100
Processing by CarsController#create as HTML
  Parameters: {"authenticity_token"=>"ZSi0B8+RbMkbsB8HlhFRo5K6s7vZlH6wrcy8KKnQqhvY2JJV+desyTUkUUJdM8bMfzt7TD6i7yAZhLlNEO4zHA==", "car"=>{"make"=>"Mercedes", "model"=>"G guard", "year"=>"2019"}, "commit"=>"Create Car"}
  [1m[35m (0.1ms)[0m  [1m[36mbegin transaction[0m
  ↳ app/controllers/cars_controller.rb:30:in `block in create'
  [1m[36mCar Create (0.7ms)[0m  [1m[32mINSERT INTO "cars" ("make", "model", "year", "created_at", "updated_at") VALUES (?, ?, ?, ?, ?)[0m  [["make", "Mercedes"], ["model", "G guard"], ["year", 2019], ["created_at", "2020-07-20 23:27:23.715995"], ["updated_at", "2020-07-20 23:27:23.715995"]]
  ↳ app/controllers/cars_controller.rb:30:in `block in create'
  [1m[35m (179.3ms)[0m  [1m[36mcommit transaction[0m
  ↳ app/controllers/cars_controller.rb:30:in `block in create'
Redirected to http://localhost:3000/cars/8
Completed 302 Found in 198ms (ActiveRecord: 180.1ms | Allocations: 3902)


Started GET "/cars/8" for ::1 at 2020-07-21 00:27:23 +0100
Processing by CarsController#show as HTML
  Parameters: {"id"=>"8"}
  [1m[36mCar Load (0.2ms)[0m  [1m[34mSELECT "cars".* FROM "cars" WHERE "cars"."id" = ? LIMIT ?[0m  [["id", 8], ["LIMIT", 1]]
  ↳ app/controllers/cars_controller.rb:67:in `set_car'
  Rendering cars/show.html.erb within layouts/application
  Rendered cars/show.html.erb within layouts/application (Duration: 0.4ms | Allocations: 86)
[Webpacker] Everything's up-to-date. Nothing to do
Completed 200 OK in 15ms (Views: 12.6ms | ActiveRecord: 0.2ms | Allocations: 4312)


Started GET "/cars" for ::1 at 2020-07-21 00:27:25 +0100
Processing by CarsController#index as HTML
  Rendering cars/index.html.erb within layouts/application
  [1m[36mCar Load (0.3ms)[0m  [1m[34mSELECT "cars".* FROM "cars"[0m
  ↳ app/views/cars/index.html.erb:16
  Rendered cars/index.html.erb within layouts/application (Duration: 4.8ms | Allocations: 1695)
[Webpacker] Everything's up-to-date. Nothing to do
Completed 200 OK in 19ms (Views: 17.1ms | ActiveRecord: 0.3ms | Allocations: 5337)


